<?xml version="1.0" encoding="UTF-8"?>
<!-- Generated by org.testng.reporters.JUnitReportReporter -->
<testsuite hostname="DESKTOP-L5472CS" failures="0" tests="3" name="TestNG_Project.ChildClass_3" time="60.226" errors="0" timestamp="2024-07-06T14:30:34 IST" skipped="0">
  <testcase classname="TestNG_Project.ChildClass_3" name="Test_002" time="17.457"/>
  <system-out/>
  <testcase classname="TestNG_Project.ChildClass_3" name="Test_003" time="23.656"/>
  <system-out/>
  <testcase classname="TestNG_Project.ChildClass_3" name="Test_001" time="19.113"/>
  <system-out/>
</testsuite> <!-- TestNG_Project.ChildClass_3 -->
