<?xml version="1.0" encoding="UTF-8"?>
<!-- Generated by org.testng.reporters.JUnitReportReporter -->
<testsuite hostname="DESKTOP-L5472CS" failures="0" tests="5" name="TestNG_Project.TestNG_groups" time="0.019" errors="0" timestamp="2024-07-05T17:29:23 IST" skipped="0">
  <testcase classname="TestNG_Project.TestNG_groups" name="Tast_004" time="0.002"/>
  <system-out/>
  <testcase classname="TestNG_Project.TestNG_groups" name="Tast_005" time="0.001"/>
  <system-out/>
  <testcase classname="TestNG_Project.TestNG_groups" name="Test_001" time="0.001"/>
  <system-out/>
  <testcase classname="TestNG_Project.TestNG_groups" name="Tast_003" time="0.001"/>
  <system-out/>
  <testcase classname="TestNG_Project.TestNG_groups" name="Tast_002" time="0.014"/>
  <system-out/>
</testsuite> <!-- TestNG_Project.TestNG_groups -->
