<?xml version="1.0" encoding="UTF-8"?>
<!-- Generated by org.testng.reporters.JUnitReportReporter -->
<testsuite hostname="DESKTOP-L5472CS" failures="0" tests="1" name="Waits.TestCase" time="34.417" errors="0" timestamp="2024-07-09T19:58:03 IST" skipped="0">
  <testcase classname="Waits.TestCase" name="test_001" time="34.417"/>
  <system-out/>
</testsuite> <!-- Waits.TestCase -->
