<?xml version="1.0" encoding="UTF-8"?>
<!-- Generated by org.testng.reporters.JUnitReportReporter -->
<testsuite hostname="DESKTOP-L5472CS" failures="0" tests="1" name="Waits.Explicit_Wait" time="38.261" errors="0" timestamp="2024-07-09T19:56:00 IST" skipped="0">
  <testcase classname="Waits.Explicit_Wait" name="verify_Tc_001" time="38.261"/>
  <system-out/>
</testsuite> <!-- Waits.Explicit_Wait -->
