<?xml version="1.0" encoding="UTF-8"?>
<!-- Generated by org.testng.reporters.JUnitReportReporter -->
<testsuite hostname="DESKTOP-L5472CS" failures="0" tests="2" name="TestNG_Project.ChildClass_2" time="46.090" errors="0" timestamp="2024-07-05T16:02:48 IST" skipped="0">
  <testcase classname="TestNG_Project.ChildClass_2" name="Test_001" time="23.271"/>
  <system-out/>
  <testcase classname="TestNG_Project.ChildClass_2" name="Test_002" time="22.819"/>
  <system-out/>
</testsuite> <!-- TestNG_Project.ChildClass_2 -->
