<?xml version="1.0" encoding="UTF-8"?>
<!-- Generated by org.testng.reporters.JUnitReportReporter -->
<testsuite hostname="DESKTOP-L5472CS" failures="0" tests="1" name="TestNG_Project.ChildClass_1" time="31.614" errors="0" timestamp="2024-07-05T16:02:48 IST" skipped="0">
  <testcase classname="TestNG_Project.ChildClass_1" name="Test_001" time="31.614"/>
  <system-out/>
</testsuite> <!-- TestNG_Project.ChildClass_1 -->
