<?xml version="1.0" encoding="UTF-8"?>
<!-- Generated by org.testng.reporters.JUnitReportReporter -->
<testsuite hostname="DESKTOP-L5472CS" failures="0" tests="2" name="Asserts.SoftAssert" time="0.021" errors="0" timestamp="2024-07-06T14:27:00 IST" skipped="0">
  <testcase classname="Asserts.SoftAssert" name="test_002" time="0.002"/>
  <system-out/>
  <testcase classname="Asserts.SoftAssert" name="test_001" time="0.019"/>
  <system-out/>
</testsuite> <!-- Asserts.SoftAssert -->
