<?xml version="1.0" encoding="UTF-8"?>
<!-- Generated by org.testng.reporters.JUnitReportReporter -->
<testsuite hostname="DESKTOP-L5472CS" failures="0" tests="1" name="Test_Pom.Test_1" time="14.195" errors="0" timestamp="2024-07-06T18:18:34 IST" skipped="0">
  <testcase classname="Test_Pom.Test_1" name="test_001" time="14.195"/>
  <system-out/>
</testsuite> <!-- Test_Pom.Test_1 -->
