<?xml version="1.0" encoding="UTF-8"?>
<!-- Generated by org.testng.reporters.JUnitReportReporter -->
<testsuite hostname="DESKTOP-L5472CS" failures="0" tests="1" name="Waits.Implicit_Wait" time="10.398" errors="0" timestamp="2024-07-09T20:03:25 IST" skipped="0">
  <testcase classname="Waits.Implicit_Wait" name="verify_wait" time="10.398"/>
  <system-out/>
</testsuite> <!-- Waits.Implicit_Wait -->
