<?xml version="1.0" encoding="UTF-8"?>
<!-- Generated by org.testng.reporters.JUnitReportReporter -->
<testsuite hostname="DESKTOP-L5472CS" failures="0" tests="1" name="ScrollingWebpage.Scroll_1" time="23.731" errors="0" timestamp="2024-07-06T15:14:51 IST" skipped="0">
  <testcase classname="ScrollingWebpage.Scroll_1" name="Test_001" time="23.731"/>
  <system-out/>
</testsuite> <!-- ScrollingWebpage.Scroll_1 -->
