<?xml version="1.0" encoding="UTF-8"?>
<!-- Generated by org.testng.reporters.JUnitReportReporter -->
<testsuite hostname="DESKTOP-L5472CS" failures="0" tests="3" name="TestNG_Project.ChildClass_3" time="118.765" errors="0" timestamp="2024-07-05T16:10:47 IST" skipped="0">
  <testcase classname="TestNG_Project.ChildClass_3" name="Test_001" time="26.364"/>
  <system-out/>
  <testcase classname="TestNG_Project.ChildClass_3" name="Test_002" time="38.912"/>
  <system-out/>
  <testcase classname="TestNG_Project.ChildClass_3" name="Test_003" time="53.489"/>
  <system-out/>
</testsuite> <!-- TestNG_Project.ChildClass_3 -->
