<?xml version="1.0" encoding="UTF-8"?>
<!-- Generated by org.testng.reporters.JUnitReportReporter -->
<testsuite hostname="DESKTOP-L5472CS" failures="0" tests="1" name="Test_Pom.Test_2" time="28.598" errors="0" timestamp="2024-07-06T17:39:27 IST" skipped="0">
  <testcase classname="Test_Pom.Test_2" name="test_002" time="28.598"/>
  <system-out/>
</testsuite> <!-- Test_Pom.Test_2 -->
