<?xml version="1.0" encoding="UTF-8"?>
<!-- Generated by org.testng.reporters.JUnitReportReporter -->
<testsuite hostname="DESKTOP-L5472CS" failures="0" tests="5" name="TestNG_Project.TestNG_groups" time="0.007" errors="0" timestamp="2024-08-12T22:00:54 IST" skipped="0">
  <testcase classname="TestNG_Project.TestNG_groups" name="Tast_003" time="0.001"/>
  <testcase classname="TestNG_Project.TestNG_groups" name="Tast_004" time="0.001"/>
  <testcase classname="TestNG_Project.TestNG_groups" name="Test_001" time="0.000"/>
  <testcase classname="TestNG_Project.TestNG_groups" name="Tast_005" time="0.000"/>
  <testcase classname="TestNG_Project.TestNG_groups" name="Tast_002" time="0.005"/>
</testsuite> <!-- TestNG_Project.TestNG_groups -->
