<?xml version="1.0" encoding="UTF-8"?>
<!-- Generated by org.testng.reporters.JUnitReportReporter -->
<testsuite hostname="DESKTOP-L5472CS" failures="0" tests="1" name="Test_Pom.Test_2" time="9.779" errors="0" timestamp="2024-08-12T22:00:54 IST" skipped="0">
  <testcase classname="Test_Pom.Test_2" name="test_002" time="9.779"/>
</testsuite> <!-- Test_Pom.Test_2 -->
