<?xml version="1.0" encoding="UTF-8"?>
<!-- Generated by org.testng.reporters.JUnitReportReporter -->
<testsuite hostname="DESKTOP-L5472CS" failures="0" tests="1" name="Waits.TestCase" time="27.520" errors="0" timestamp="2024-08-12T22:00:54 IST" skipped="0">
  <testcase classname="Waits.TestCase" name="test_001" time="27.520"/>
</testsuite> <!-- Waits.TestCase -->
